<?xml version="1.0" encoding="UTF-8"?>
<!-- Generated by org.testng.reporters.JUnitXMLReporter -->
<testsuite ignored="0" hostname="FEUJI-V005D" failures="0" tests="5" name="Default test" time="46.746" errors="0" timestamp="2024-03-04T14:55:33 IST">
  <testcase classname="com.playwright.test.AccessibilityTest" name="scanHomePage" time="4.416"/>
  <testcase classname="com.playwright.test.AccessibilityTest" name="scanLoginPage" time="4.087"/>
  <testcase classname="com.playwright.test.AccessibilityTest" name="scanSignUpPage" time="4.196"/>
  <testcase classname="com.playwright.test.AccessibilityTest" name="scanMyAccountPage" time="6.071"/>
  <testcase classname="com.playwright.test.AccessibilityTest" name="scanMenClothesPage" time="6.595"/>
</testsuite> <!-- Default test -->
