<?xml version="1.0" encoding="UTF-8"?>
<!-- Generated by org.testng.reporters.JUnitXMLReporter -->
<testsuite ignored="0" hostname="FEUJI-V005D" failures="0" tests="5" name="Test" time="48.959" errors="0" timestamp="2024-03-04T14:47:18 IST">
  <testcase classname="com.playwright.test.AccessibilityTest" name="scanHomePage" time="4.449"/>
  <testcase classname="com.playwright.test.AccessibilityTest" name="scanLoginPage" time="4.518"/>
  <testcase classname="com.playwright.test.AccessibilityTest" name="scanSignUpPage" time="4.357"/>
  <testcase classname="com.playwright.test.AccessibilityTest" name="scanMyAccountPage" time="5.766"/>
  <testcase classname="com.playwright.test.AccessibilityTest" name="scanMenClothesPage" time="7.745"/>
</testsuite> <!-- Test -->
