<?xml version="1.0" encoding="UTF-8"?>
<testng-results ignored="0" total="5" passed="5" failed="0" skipped="0">
  <reporter-output>
  </reporter-output>
  <suite started-at="2024-03-04T14:54:46 IST" name="Default suite" finished-at="2024-03-04T14:55:33 IST" duration-ms="46746">
    <groups>
    </groups>
    <test started-at="2024-03-04T14:54:46 IST" name="Default test" finished-at="2024-03-04T14:55:33 IST" duration-ms="46746">
      <class name="com.playwright.test.AccessibilityTest">
        <test-method is-config="true" signature="setUp()[pri:0, instance:com.playwright.test.AccessibilityTest@537f60bf]" started-at="2024-03-04T14:54:41 IST" name="setUp" finished-at="2024-03-04T14:54:46 IST" duration-ms="5246" status="PASS">
          <reporter-output>
          </reporter-output>
        </test-method> <!-- setUp -->
        <test-method is-config="true" signature="report()[pri:0, instance:com.playwright.test.AccessibilityTest@537f60bf]" started-at="2024-03-04T14:54:46 IST" name="report" finished-at="2024-03-04T14:54:46 IST" duration-ms="174" status="PASS">
          <reporter-output>
          </reporter-output>
        </test-method> <!-- report -->
        <test-method is-config="true" signature="navigatePage()[pri:0, instance:com.playwright.test.AccessibilityTest@537f60bf]" started-at="2024-03-04T14:54:46 IST" name="navigatePage" finished-at="2024-03-04T14:54:50 IST" duration-ms="4054" status="PASS">
          <reporter-output>
          </reporter-output>
        </test-method> <!-- navigatePage -->
        <test-method signature="scanHomePage()[pri:1, instance:com.playwright.test.AccessibilityTest@537f60bf]" started-at="2024-03-04T14:54:50 IST" name="scanHomePage" finished-at="2024-03-04T14:54:55 IST" duration-ms="4416" status="PASS">
          <reporter-output>
          </reporter-output>
        </test-method> <!-- scanHomePage -->
        <test-method is-config="true" signature="closeBrowser()[pri:0, instance:com.playwright.test.AccessibilityTest@537f60bf]" started-at="2024-03-04T14:54:55 IST" name="closeBrowser" finished-at="2024-03-04T14:54:55 IST" duration-ms="289" status="PASS">
          <reporter-output>
          </reporter-output>
        </test-method> <!-- closeBrowser -->
        <test-method is-config="true" signature="navigatePage()[pri:0, instance:com.playwright.test.AccessibilityTest@537f60bf]" started-at="2024-03-04T14:54:55 IST" name="navigatePage" finished-at="2024-03-04T14:54:59 IST" duration-ms="3721" status="PASS">
          <reporter-output>
          </reporter-output>
        </test-method> <!-- navigatePage -->
        <test-method signature="scanLoginPage()[pri:2, instance:com.playwright.test.AccessibilityTest@537f60bf]" started-at="2024-03-04T14:54:59 IST" name="scanLoginPage" finished-at="2024-03-04T14:55:03 IST" duration-ms="4087" status="PASS">
          <reporter-output>
          </reporter-output>
        </test-method> <!-- scanLoginPage -->
        <test-method is-config="true" signature="closeBrowser()[pri:0, instance:com.playwright.test.AccessibilityTest@537f60bf]" started-at="2024-03-04T14:55:03 IST" name="closeBrowser" finished-at="2024-03-04T14:55:03 IST" duration-ms="237" status="PASS">
          <reporter-output>
          </reporter-output>
        </test-method> <!-- closeBrowser -->
        <test-method is-config="true" signature="navigatePage()[pri:0, instance:com.playwright.test.AccessibilityTest@537f60bf]" started-at="2024-03-04T14:55:03 IST" name="navigatePage" finished-at="2024-03-04T14:55:07 IST" duration-ms="3854" status="PASS">
          <reporter-output>
          </reporter-output>
        </test-method> <!-- navigatePage -->
        <test-method signature="scanSignUpPage()[pri:3, instance:com.playwright.test.AccessibilityTest@537f60bf]" started-at="2024-03-04T14:55:07 IST" name="scanSignUpPage" finished-at="2024-03-04T14:55:11 IST" duration-ms="4196" status="PASS">
          <reporter-output>
          </reporter-output>
        </test-method> <!-- scanSignUpPage -->
        <test-method is-config="true" signature="closeBrowser()[pri:0, instance:com.playwright.test.AccessibilityTest@537f60bf]" started-at="2024-03-04T14:55:11 IST" name="closeBrowser" finished-at="2024-03-04T14:55:11 IST" duration-ms="236" status="PASS">
          <reporter-output>
          </reporter-output>
        </test-method> <!-- closeBrowser -->
        <test-method is-config="true" signature="navigatePage()[pri:0, instance:com.playwright.test.AccessibilityTest@537f60bf]" started-at="2024-03-04T14:55:11 IST" name="navigatePage" finished-at="2024-03-04T14:55:16 IST" duration-ms="4119" status="PASS">
          <reporter-output>
          </reporter-output>
        </test-method> <!-- navigatePage -->
        <test-method signature="scanMyAccountPage()[pri:4, instance:com.playwright.test.AccessibilityTest@537f60bf]" started-at="2024-03-04T14:55:16 IST" name="scanMyAccountPage" finished-at="2024-03-04T14:55:22 IST" duration-ms="6071" status="PASS">
          <reporter-output>
          </reporter-output>
        </test-method> <!-- scanMyAccountPage -->
        <test-method is-config="true" signature="closeBrowser()[pri:0, instance:com.playwright.test.AccessibilityTest@537f60bf]" started-at="2024-03-04T14:55:22 IST" name="closeBrowser" finished-at="2024-03-04T14:55:22 IST" duration-ms="219" status="PASS">
          <reporter-output>
          </reporter-output>
        </test-method> <!-- closeBrowser -->
        <test-method is-config="true" signature="navigatePage()[pri:0, instance:com.playwright.test.AccessibilityTest@537f60bf]" started-at="2024-03-04T14:55:22 IST" name="navigatePage" finished-at="2024-03-04T14:55:26 IST" duration-ms="3841" status="PASS">
          <reporter-output>
          </reporter-output>
        </test-method> <!-- navigatePage -->
        <test-method signature="scanMenClothesPage()[pri:5, instance:com.playwright.test.AccessibilityTest@537f60bf]" started-at="2024-03-04T14:55:26 IST" name="scanMenClothesPage" finished-at="2024-03-04T14:55:32 IST" duration-ms="6595" status="PASS">
          <reporter-output>
          </reporter-output>
        </test-method> <!-- scanMenClothesPage -->
        <test-method is-config="true" signature="closeBrowser()[pri:0, instance:com.playwright.test.AccessibilityTest@537f60bf]" started-at="2024-03-04T14:55:32 IST" name="closeBrowser" finished-at="2024-03-04T14:55:33 IST" duration-ms="322" status="PASS">
          <reporter-output>
          </reporter-output>
        </test-method> <!-- closeBrowser -->
        <test-method is-config="true" signature="flushReport()[pri:0, instance:com.playwright.test.AccessibilityTest@537f60bf]" started-at="2024-03-04T14:55:33 IST" name="flushReport" finished-at="2024-03-04T14:55:33 IST" duration-ms="267" status="PASS">
          <reporter-output>
          </reporter-output>
        </test-method> <!-- flushReport -->
        <test-method is-config="true" signature="tearDownPlaywright()[pri:0, instance:com.playwright.test.AccessibilityTest@537f60bf]" started-at="2024-03-04T14:55:33 IST" name="tearDownPlaywright" finished-at="2024-03-04T14:55:33 IST" duration-ms="16" status="PASS">
          <reporter-output>
          </reporter-output>
        </test-method> <!-- tearDownPlaywright -->
      </class> <!-- com.playwright.test.AccessibilityTest -->
    </test> <!-- Default test -->
  </suite> <!-- Default suite -->
</testng-results>
